<?xml version="1.0" encoding="UTF-8"?>
<!-- Generated by org.testng.reporters.JUnitReportReporter -->
<testsuite skipped="0" hostname="DESKTOP-0JETNLU" name="testngautomationcode31jan2023.Annotation" tests="1" failures="0" timestamp="2023-02-03T16:52:41 CST" time="0.081" errors="0">
  <testcase name="TestCase1" time="0.081" classname="testngautomationcode31jan2023.Annotation"/>
  <system-out/>
</testsuite> <!-- testngautomationcode31jan2023.Annotation -->
