<?xml version="1.0" encoding="UTF-8"?>
<!-- Generated by org.testng.reporters.JUnitReportReporter -->
<testsuite skipped="0" hostname="DESKTOP-0JETNLU" name="testngautomationcode31jan2023.Power_of_test" tests="1" failures="0" timestamp="2023-02-03T17:10:12 CST" time="0.009" errors="0">
  <testcase name="excutethis" time="0.009" classname="testngautomationcode31jan2023.Power_of_test"/>
  <system-out/>
</testsuite> <!-- testngautomationcode31jan2023.Power_of_test -->
