<?xml version="1.0" encoding="UTF-8"?>
<!-- Generated by org.testng.reporters.JUnitReportReporter -->
<testsuite skipped="0" hostname="DESKTOP-0JETNLU" name="testngautomationcode31jan2023.Selenium_usingtestngforfirsttime" tests="2" failures="0" timestamp="2023-02-05T17:03:03 CST" time="26.660" errors="0">
  <testcase name="clickOnSignInLink" time="9.195" classname="testngautomationcode31jan2023.Selenium_usingtestngforfirsttime"/>
  <system-out/>
  <testcase name="ClickOnMoneyLink" time="17.465" classname="testngautomationcode31jan2023.Selenium_usingtestngforfirsttime"/>
  <system-out/>
</testsuite> <!-- testngautomationcode31jan2023.Selenium_usingtestngforfirsttime -->
