<?xml version="1.0" encoding="UTF-8"?>
<!-- Generated by org.testng.reporters.JUnitReportReporter -->
<testsuite skipped="0" hostname="DESKTOP-0JETNLU" name="testngautomationfeb7th.Homepage" tests="1" failures="0" timestamp="2023-02-10T15:44:04 CST" time="0.000" errors="0">
  <testcase name="HomepageTest" time="0.000" classname="testngautomationfeb7th.Homepage"/>
  <system-out/>
</testsuite> <!-- testngautomationfeb7th.Homepage -->
