<?xml version="1.0" encoding="UTF-8"?>
<!-- Generated by org.testng.reporters.JUnitReportReporter -->
<testsuite skipped="0" hostname="DESKTOP-0JETNLU" name="testngassignementexcuteall.Flipkart" tests="1" failures="0" timestamp="2023-02-10T15:57:35 CST" time="5.167" errors="0">
  <testcase name="loginTest" time="5.167" classname="testngassignementexcuteall.Flipkart"/>
  <system-out/>
</testsuite> <!-- testngassignementexcuteall.Flipkart -->
