<?xml version="1.0" encoding="UTF-8"?>
<!-- Generated by org.testng.reporters.JUnitReportReporter -->
<testsuite skipped="0" hostname="DESKTOP-0JETNLU" name="testngassignementexcuteall.Costco" tests="1" failures="0" timestamp="2023-02-12T09:20:04 CST" time="7.514" errors="0">
  <testcase name="loginTest" time="7.514" classname="testngassignementexcuteall.Costco"/>
  <system-out/>
</testsuite> <!-- testngassignementexcuteall.Costco -->
