<?xml version="1.0" encoding="UTF-8"?>
<!-- Generated by org.testng.reporters.JUnitReportReporter -->
<testsuite skipped="0" hostname="DESKTOP-0JETNLU" name="testngautomationcode31jan2023.TriCombo" tests="2" failures="0" timestamp="2023-02-03T17:30:13 CST" time="0.016" errors="0">
  <testcase name="testCase2" time="0.014" classname="testngautomationcode31jan2023.TriCombo"/>
  <system-out/>
  <testcase name="testcase1" time="0.002" classname="testngautomationcode31jan2023.TriCombo"/>
  <system-out/>
</testsuite> <!-- testngautomationcode31jan2023.TriCombo -->
