<?xml version="1.0" encoding="UTF-8"?>
<!-- Generated by org.testng.reporters.JUnitReportReporter -->
<testsuite skipped="0" hostname="DESKTOP-0JETNLU" name="testngautomationcode31jan2023.Multipleswebsite" tests="3" failures="0" timestamp="2023-02-05T17:37:31 CST" time="20.858" errors="0">
  <testcase name="openFlipkart" time="7.114" classname="testngautomationcode31jan2023.Multipleswebsite"/>
  <system-out/>
  <testcase name="openamazon" time="5.985" classname="testngautomationcode31jan2023.Multipleswebsite"/>
  <system-out/>
  <testcase name="openwalmart" time="7.759" classname="testngautomationcode31jan2023.Multipleswebsite"/>
  <system-out/>
</testsuite> <!-- testngautomationcode31jan2023.Multipleswebsite -->
