<?xml version="1.0" encoding="UTF-8"?>
<!-- Generated by org.testng.reporters.JUnitReportReporter -->
<testsuite skipped="0" hostname="DESKTOP-0JETNLU" name="testngassignementexcuteall.Walmart" tests="1" failures="0" timestamp="2023-02-10T15:57:35 CST" time="3.497" errors="0">
  <testcase name="loginTest" time="3.497" classname="testngassignementexcuteall.Walmart"/>
  <system-out/>
</testsuite> <!-- testngassignementexcuteall.Walmart -->
