<?xml version="1.0" encoding="UTF-8"?>
<!-- Generated by org.testng.reporters.JUnitReportReporter -->
<testsuite skipped="0" hostname="DESKTOP-0JETNLU" name="testngautomationcode31jan2023.Goingwiththeflow" tests="1" failures="0" timestamp="2023-02-05T17:25:30 CST" time="6.230" errors="0">
  <testcase name="clickOnSignInLink" time="6.230" classname="testngautomationcode31jan2023.Goingwiththeflow"/>
  <system-out/>
</testsuite> <!-- testngautomationcode31jan2023.Goingwiththeflow -->
