<?xml version="1.0" encoding="UTF-8"?>
<!-- Generated by org.testng.reporters.JUnitReportReporter -->
<testsuite skipped="0" hostname="DESKTOP-0JETNLU" name="testngautomationfeb7th.Commodities" tests="1" failures="0" timestamp="2023-02-10T15:44:04 CST" time="0.001" errors="0">
  <testcase name="CommoditiesTest" time="0.001" classname="testngautomationfeb7th.Commodities"/>
  <system-out/>
</testsuite> <!-- testngautomationfeb7th.Commodities -->
